This file contains any messages produced by compilers while
running configure, to aid debugging if configure makes a mistake.

It was created by [eecs583project] configure [1.00], which was
generated by GNU Autoconf 2.59.  Invocation command line was

  $ ./configure 

## --------- ##
## Platform. ##
## --------- ##

hostname = sam-workstation
uname -m = x86_64
uname -r = 3.8.0-32-generic
uname -s = Linux
uname -v = #47-Ubuntu SMP Tue Oct 1 22:35:23 UTC 2013

/usr/bin/uname -p = unknown
/bin/uname -X     = unknown

/bin/arch              = unknown
/usr/bin/arch -k       = unknown
/usr/convex/getsysinfo = unknown
hostinfo               = unknown
/bin/machine           = unknown
/usr/bin/oslevel       = unknown
/bin/universe          = unknown

PATH: /usr/lib/lightdm/lightdm
PATH: /usr/local/sbin
PATH: /usr/local/bin
PATH: /usr/sbin
PATH: /usr/bin
PATH: /sbin
PATH: /bin
PATH: /usr/games
PATH: /usr/local/games


## ----------- ##
## Core tests. ##
## ----------- ##

configure:1449: creating ./config.status

## ---------------------- ##
## Running config.status. ##
## ---------------------- ##

This file was extended by [eecs583project] config.status [1.00], which was
generated by GNU Autoconf 2.59.  Invocation command line was

  CONFIG_FILES    = 
  CONFIG_HEADERS  = 
  CONFIG_LINKS    = 
  CONFIG_COMMANDS = 
  $ ./config.status 

on sam-workstation

config.status:642: creating Makefile.common
config.status:824: executing setup commands
config.status:824: executing Makefile commands
config.status:824: executing lib/Makefile commands
config.status:824: executing lib/superblock/Makefile commands
config.status:824: executing tools/Makefile commands

## ---------------- ##
## Cache variables. ##
## ---------------- ##

ac_cv_env_build_alias_set=
ac_cv_env_build_alias_value=
ac_cv_env_host_alias_set=
ac_cv_env_host_alias_value=
ac_cv_env_target_alias_set=
ac_cv_env_target_alias_value=

## ----------------- ##
## Output variables. ##
## ----------------- ##

DEFS='-DPACKAGE_NAME=\"\[eecs583project\]\" -DPACKAGE_TARNAME=\"--eecs583project--\" -DPACKAGE_VERSION=\"\[1.00\]\" -DPACKAGE_STRING=\"\[eecs583project\]\ \[1.00\]\" -DPACKAGE_BUGREPORT=\"joshlzh@umich.edu\" '
ECHO_C=''
ECHO_N='-n'
ECHO_T=''
LIBOBJS=''
LIBS=''
LLVM_OBJ='/home/sam/src/build-auto-llvm'
LLVM_SRC='/home/sam/src/esdg-opencl/llvm-3.2'
LTLIBOBJS=''
PACKAGE_BUGREPORT='joshlzh@umich.edu'
PACKAGE_NAME='[eecs583project]'
PACKAGE_STRING='[eecs583project] [1.00]'
PACKAGE_TARNAME='--eecs583project--'
PACKAGE_VERSION='[1.00]'
PATH_SEPARATOR=':'
SHELL='/bin/bash'
bindir='${exec_prefix}/bin'
build_alias=''
datadir='${prefix}/share'
exec_prefix='${prefix}'
host_alias=''
includedir='${prefix}/include'
infodir='${prefix}/info'
libdir='${exec_prefix}/lib'
libexecdir='${exec_prefix}/libexec'
localstatedir='${prefix}/var'
mandir='${prefix}/man'
oldincludedir='/usr/include'
prefix='/usr/local'
program_transform_name='s,x,x,'
sbindir='${exec_prefix}/sbin'
sharedstatedir='${prefix}/com'
sysconfdir='${prefix}/etc'
target_alias=''

## ----------- ##
## confdefs.h. ##
## ----------- ##

#define PACKAGE_BUGREPORT "joshlzh@umich.edu"
#define PACKAGE_NAME "[eecs583project]"
#define PACKAGE_STRING "[eecs583project] [1.00]"
#define PACKAGE_TARNAME "--eecs583project--"
#define PACKAGE_VERSION "[1.00]"

configure: exit 0
